<?xml version="1.0" encoding="UTF-8"?>
<!-- Generated by org.testng.reporters.JUnitXMLReporter -->
<testsuite hostname="admin-PC" name="Test" tests="1" failures="0" timestamp="14 Apr 2016 17:34:13 GMT" time="52.568" errors="0">
  <testcase name="@BeforeTest beforeTest" time="0.0" classname="example.NewTest">
    <failure type="org.openqa.selenium.WebDriverException" message="Failed to connect to binary FirefoxBinary(C:\Program Files (x86)\Mozilla Firefox\firefox.exe) on port 7055; process output follows: 
&amp;quot;45.0.2&amp;quot;,&amp;quot;st&amp;quot;:1460480599458}},&amp;quot;winreg-app-global&amp;quot;:{&amp;quot;wrc@avast.com&amp;quot;:{&amp;quot;d&amp;quot;:&amp;quot;C:\\Program Files\\AVAST Software\\Avast\\WebRep\\FF&amp;quot;,&amp;quot;e&amp;quot;:false,&amp;quot;v&amp;quot;:&amp;quot;10.3.3.39&amp;quot;,&amp;quot;st&amp;quot;:1455457761108,&amp;quot;mt&amp;quot;:1455440104639},&amp;quot;sp@avast.com&amp;quot;:{&amp;quot;d&amp;quot;:&amp;quot;C:\\Program Files\\AVAST Software\\Avast\\SafePrice\\FF&amp;quot;,&amp;quot;e&amp;quot;:false,&amp;quot;v&amp;quot;:&amp;quot;10.3.5.39&amp;quot;,&amp;quot;st&amp;quot;:1455457760702,&amp;quot;mt&amp;quot;:1455440102667}}}
1460655208852	addons.xpi	DEBUG	No changes found
1460655208860	addons.xpi	DEBUG	Registering manifest for C:\Program Files (x86)\Mozilla Firefox\browser\features\loop@mozilla.org.xpi
1460655208862	addons.xpi	DEBUG	Loading bootstrap scope from C:\Program Files (x86)\Mozilla Firefox\browser\features\loop@mozilla.org.xpi
1460655208879	addons.xpi	DEBUG	Calling bootstrap method startup on loop@mozilla.org version 1.1.14
1460655208896	addons.xpi-utils	DEBUG	Starting async load of XPI database C:\Users\admin\AppData\Local\Temp\anonymous6987243825893930168webdriver-profile\extensions.json
1460655208904	addons.manager	DEBUG	Starting provider: &amp;lt;unnamed-provider&amp;gt;
1460655208904	addons.manager	DEBUG	Registering shutdown blocker for &amp;lt;unnamed-provider&amp;gt;
1460655208905	addons.manager	DEBUG	Provider finished startup: &amp;lt;unnamed-provider&amp;gt;
1460655208919	addons.xpi	DEBUG	Registering manifest for C:\Program Files (x86)\Mozilla Firefox\browser\extensions\{82AF8DCA-6DE9-405D-BD5E-43525BDAD38A}.xpi
1460655208920	addons.xpi	DEBUG	Loading bootstrap scope from C:\Program Files (x86)\Mozilla Firefox\browser\extensions\{82AF8DCA-6DE9-405D-BD5E-43525BDAD38A}.xpi
1460655208924	addons.xpi	DEBUG	Calling bootstrap method startup on {82AF8DCA-6DE9-405D-BD5E-43525BDAD38A} version 8.0.0.9103
1460655208986	addons.manager	DEBUG	Registering shutdown blocker for XPIProvider
1460655208986	addons.manager	DEBUG	Provider finished startup: XPIProvider
1460655208986	addons.manager	DEBUG	Starting provider: LightweightThemeManager
1460655208986	addons.manager	DEBUG	Registering shutdown blocker for LightweightThemeManager
1460655208987	addons.manager	DEBUG	Provider finished startup: LightweightThemeManager
1460655208987	addons.manager	DEBUG	Starting provider: GMPProvider
1460655208993	addons.manager	DEBUG	Registering shutdown blocker for GMPProvider
1460655208994	addons.manager	DEBUG	Provider finished startup: GMPProvider
1460655208994	addons.manager	DEBUG	Starting provider: PluginProvider
1460655208994	addons.manager	DEBUG	Registering shutdown blocker for PluginProvider
1460655208994	addons.manager	DEBUG	Provider finished startup: PluginProvider
1460655208994	addons.manager	DEBUG	Completed startup sequence
1460655209305	addons.xpi-utils	DEBUG	Async JSON file read took 0 MS
1460655209305	addons.xpi-utils	DEBUG	Finished async read of XPI database, parsing...
1460655209307	addons.xpi-utils	DEBUG	Successfully read XPI database
*** Blocklist::_loadBlocklistFromFile: blocklist is disabled
1460655209463	addons.manager	DEBUG	Starting provider: PreviousExperimentProvider
1460655209463	addons.manager	DEBUG	Registering shutdown blocker for PreviousExperimentProvider
1460655209463	addons.manager	DEBUG	Provider finished startup: PreviousExperimentProvider
1460655228113	addons.xpi	DEBUG	Calling bootstrap method shutdown on loop@mozilla.org version 1.1.14
1460655228119	addons.xpi	DEBUG	Calling bootstrap method shutdown on {82AF8DCA-6DE9-405D-BD5E-43525BDAD38A} version 8.0.0.9103
1460655228437	addons.manager	DEBUG	shutdown
1460655228437	addons.manager	DEBUG	Calling shutdown blocker for &amp;lt;unnamed-provider&amp;gt;
1460655228437	addons.manager	DEBUG	Calling shutdown blocker for XPIProvider
1460655228438	addons.xpi	DEBUG	shutdown
1460655228438	addons.xpi-utils	DEBUG	shutdown
1460655228439	addons.manager	DEBUG	Calling shutdown blocker for LightweightThemeManager
1460655228439	addons.manager	DEBUG	Calling shutdown blocker for GMPProvider
1460655228441	addons.manager	DEBUG	Calling shutdown blocker for PluginProvider
1460655228442	addons.manager	DEBUG	Calling shutdown blocker for PreviousExperimentProvider
1460655228446	addons.xpi	DEBUG	Notifying XPI shutdown observers
1460655228451	addons.manager	DEBUG	Async provider shutdown done

Build info: version: &amp;apos;2.45.0&amp;apos;, revision: &amp;apos;5017cb8e7ca8e37638dc3091b2440b90a1d8686f&amp;apos;, time: &amp;apos;2015-02-27 09:10:26&amp;apos;
System info: host: &amp;apos;admin-PC&amp;apos;, ip: &amp;apos;192.168.1.155&amp;apos;, os.name: &amp;apos;Windows 7&amp;apos;, os.arch: &amp;apos;amd64&amp;apos;, os.version: &amp;apos;6.1&amp;apos;, java.version: &amp;apos;1.7.0_75&amp;apos;
Driver info: driver.version: FirefoxDriver">
      <![CDATA[org.openqa.selenium.WebDriverException: Failed to connect to binary FirefoxBinary(C:\Program Files (x86)\Mozilla Firefox\firefox.exe) on port 7055; process output follows: 
"45.0.2","st":1460480599458}},"winreg-app-global":{"wrc@avast.com":{"d":"C:\\Program Files\\AVAST Software\\Avast\\WebRep\\FF","e":false,"v":"10.3.3.39","st":1455457761108,"mt":1455440104639},"sp@avast.com":{"d":"C:\\Program Files\\AVAST Software\\Avast\\SafePrice\\FF","e":false,"v":"10.3.5.39","st":1455457760702,"mt":1455440102667}}}
1460655208852	addons.xpi	DEBUG	No changes found
1460655208860	addons.xpi	DEBUG	Registering manifest for C:\Program Files (x86)\Mozilla Firefox\browser\features\loop@mozilla.org.xpi
1460655208862	addons.xpi	DEBUG	Loading bootstrap scope from C:\Program Files (x86)\Mozilla Firefox\browser\features\loop@mozilla.org.xpi
1460655208879	addons.xpi	DEBUG	Calling bootstrap method startup on loop@mozilla.org version 1.1.14
1460655208896	addons.xpi-utils	DEBUG	Starting async load of XPI database C:\Users\admin\AppData\Local\Temp\anonymous6987243825893930168webdriver-profile\extensions.json
1460655208904	addons.manager	DEBUG	Starting provider: <unnamed-provider>
1460655208904	addons.manager	DEBUG	Registering shutdown blocker for <unnamed-provider>
1460655208905	addons.manager	DEBUG	Provider finished startup: <unnamed-provider>
1460655208919	addons.xpi	DEBUG	Registering manifest for C:\Program Files (x86)\Mozilla Firefox\browser\extensions\{82AF8DCA-6DE9-405D-BD5E-43525BDAD38A}.xpi
1460655208920	addons.xpi	DEBUG	Loading bootstrap scope from C:\Program Files (x86)\Mozilla Firefox\browser\extensions\{82AF8DCA-6DE9-405D-BD5E-43525BDAD38A}.xpi
1460655208924	addons.xpi	DEBUG	Calling bootstrap method startup on {82AF8DCA-6DE9-405D-BD5E-43525BDAD38A} version 8.0.0.9103
1460655208986	addons.manager	DEBUG	Registering shutdown blocker for XPIProvider
1460655208986	addons.manager	DEBUG	Provider finished startup: XPIProvider
1460655208986	addons.manager	DEBUG	Starting provider: LightweightThemeManager
1460655208986	addons.manager	DEBUG	Registering shutdown blocker for LightweightThemeManager
1460655208987	addons.manager	DEBUG	Provider finished startup: LightweightThemeManager
1460655208987	addons.manager	DEBUG	Starting provider: GMPProvider
1460655208993	addons.manager	DEBUG	Registering shutdown blocker for GMPProvider
1460655208994	addons.manager	DEBUG	Provider finished startup: GMPProvider
1460655208994	addons.manager	DEBUG	Starting provider: PluginProvider
1460655208994	addons.manager	DEBUG	Registering shutdown blocker for PluginProvider
1460655208994	addons.manager	DEBUG	Provider finished startup: PluginProvider
1460655208994	addons.manager	DEBUG	Completed startup sequence
1460655209305	addons.xpi-utils	DEBUG	Async JSON file read took 0 MS
1460655209305	addons.xpi-utils	DEBUG	Finished async read of XPI database, parsing...
1460655209307	addons.xpi-utils	DEBUG	Successfully read XPI database
*** Blocklist::_loadBlocklistFromFile: blocklist is disabled
1460655209463	addons.manager	DEBUG	Starting provider: PreviousExperimentProvider
1460655209463	addons.manager	DEBUG	Registering shutdown blocker for PreviousExperimentProvider
1460655209463	addons.manager	DEBUG	Provider finished startup: PreviousExperimentProvider
1460655228113	addons.xpi	DEBUG	Calling bootstrap method shutdown on loop@mozilla.org version 1.1.14
1460655228119	addons.xpi	DEBUG	Calling bootstrap method shutdown on {82AF8DCA-6DE9-405D-BD5E-43525BDAD38A} version 8.0.0.9103
1460655228437	addons.manager	DEBUG	shutdown
1460655228437	addons.manager	DEBUG	Calling shutdown blocker for <unnamed-provider>
1460655228437	addons.manager	DEBUG	Calling shutdown blocker for XPIProvider
1460655228438	addons.xpi	DEBUG	shutdown
1460655228438	addons.xpi-utils	DEBUG	shutdown
1460655228439	addons.manager	DEBUG	Calling shutdown blocker for LightweightThemeManager
1460655228439	addons.manager	DEBUG	Calling shutdown blocker for GMPProvider
1460655228441	addons.manager	DEBUG	Calling shutdown blocker for PluginProvider
1460655228442	addons.manager	DEBUG	Calling shutdown blocker for PreviousExperimentProvider
1460655228446	addons.xpi	DEBUG	Notifying XPI shutdown observers
1460655228451	addons.manager	DEBUG	Async provider shutdown done

Build info: version: '2.45.0', revision: '5017cb8e7ca8e37638dc3091b2440b90a1d8686f', time: '2015-02-27 09:10:26'
System info: host: 'admin-PC', ip: '192.168.1.155', os.name: 'Windows 7', os.arch: 'amd64', os.version: '6.1', java.version: '1.7.0_75'
Driver info: driver.version: FirefoxDriver
	at org.openqa.selenium.firefox.internal.NewProfileExtensionConnection.start(NewProfileExtensionConnection.java:130)
	at org.openqa.selenium.firefox.FirefoxDriver.startClient(FirefoxDriver.java:246)
	at org.openqa.selenium.remote.RemoteWebDriver.<init>(RemoteWebDriver.java:114)
	at org.openqa.selenium.firefox.FirefoxDriver.<init>(FirefoxDriver.java:191)
	at org.openqa.selenium.firefox.FirefoxDriver.<init>(FirefoxDriver.java:186)
	at org.openqa.selenium.firefox.FirefoxDriver.<init>(FirefoxDriver.java:182)
	at org.openqa.selenium.firefox.FirefoxDriver.<init>(FirefoxDriver.java:99)
	at example.NewTest.beforeTest(NewTest.java:25)
Caused by: org.openqa.selenium.firefox.NotConnectedException: Unable to connect to host 127.0.0.1 on port 7055 after 45000 ms. Firefox console output:
"45.0.2","st":1460480599458}},"winreg-app-global":{"wrc@avast.com":{"d":"C:\\Program Files\\AVAST Software\\Avast\\WebRep\\FF","e":false,"v":"10.3.3.39","st":1455457761108,"mt":1455440104639},"sp@avast.com":{"d":"C:\\Program Files\\AVAST Software\\Avast\\SafePrice\\FF","e":false,"v":"10.3.5.39","st":1455457760702,"mt":1455440102667}}}
1460655208852	addons.xpi	DEBUG	No changes found
1460655208860	addons.xpi	DEBUG	Registering manifest for C:\Program Files (x86)\Mozilla Firefox\browser\features\loop@mozilla.org.xpi
1460655208862	addons.xpi	DEBUG	Loading bootstrap scope from C:\Program Files (x86)\Mozilla Firefox\browser\features\loop@mozilla.org.xpi
1460655208879	addons.xpi	DEBUG	Calling bootstrap method startup on loop@mozilla.org version 1.1.14
1460655208896	addons.xpi-utils	DEBUG	Starting async load of XPI database C:\Users\admin\AppData\Local\Temp\anonymous6987243825893930168webdriver-profile\extensions.json
1460655208904	addons.manager	DEBUG	Starting provider: <unnamed-provider>
1460655208904	addons.manager	DEBUG	Registering shutdown blocker for <unnamed-provider>
1460655208905	addons.manager	DEBUG	Provider finished startup: <unnamed-provider>
1460655208919	addons.xpi	DEBUG	Registering manifest for C:\Program Files (x86)\Mozilla Firefox\browser\extensions\{82AF8DCA-6DE9-405D-BD5E-43525BDAD38A}.xpi
1460655208920	addons.xpi	DEBUG	Loading bootstrap scope from C:\Program Files (x86)\Mozilla Firefox\browser\extensions\{82AF8DCA-6DE9-405D-BD5E-43525BDAD38A}.xpi
1460655208924	addons.xpi	DEBUG	Calling bootstrap method startup on {82AF8DCA-6DE9-405D-BD5E-43525BDAD38A} version 8.0.0.9103
1460655208986	addons.manager	DEBUG	Registering shutdown blocker for XPIProvider
1460655208986	addons.manager	DEBUG	Provider finished startup: XPIProvider
1460655208986	addons.manager	DEBUG	Starting provider: LightweightThemeManager
1460655208986	addons.manager	DEBUG	Registering shutdown blocker for LightweightThemeManager
1460655208987	addons.manager	DEBUG	Provider finished startup: LightweightThemeManager
1460655208987	addons.manager	DEBUG	Starting provider: GMPProvider
1460655208993	addons.manager	DEBUG	Registering shutdown blocker for GMPProvider
1460655208994	addons.manager	DEBUG	Provider finished startup: GMPProvider
1460655208994	addons.manager	DEBUG	Starting provider: PluginProvider
1460655208994	addons.manager	DEBUG	Registering shutdown blocker for PluginProvider
1460655208994	addons.manager	DEBUG	Provider finished startup: PluginProvider
1460655208994	addons.manager	DEBUG	Completed startup sequence
1460655209305	addons.xpi-utils	DEBUG	Async JSON file read took 0 MS
1460655209305	addons.xpi-utils	DEBUG	Finished async read of XPI database, parsing...
1460655209307	addons.xpi-utils	DEBUG	Successfully read XPI database
*** Blocklist::_loadBlocklistFromFile: blocklist is disabled
1460655209463	addons.manager	DEBUG	Starting provider: PreviousExperimentProvider
1460655209463	addons.manager	DEBUG	Registering shutdown blocker for PreviousExperimentProvider
1460655209463	addons.manager	DEBUG	Provider finished startup: PreviousExperimentProvider
1460655228113	addons.xpi	DEBUG	Calling bootstrap method shutdown on loop@mozilla.org version 1.1.14
1460655228119	addons.xpi	DEBUG	Calling bootstrap method shutdown on {82AF8DCA-6DE9-405D-BD5E-43525BDAD38A} version 8.0.0.9103
1460655228437	addons.manager	DEBUG	shutdown
1460655228437	addons.manager	DEBUG	Calling shutdown blocker for <unnamed-provider>
1460655228437	addons.manager	DEBUG	Calling shutdown blocker for XPIProvider
1460655228438	addons.xpi	DEBUG	shutdown
1460655228438	addons.xpi-utils	DEBUG	shutdown
1460655228439	addons.manager	DEBUG	Calling shutdown blocker for LightweightThemeManager
1460655228439	addons.manager	DEBUG	Calling shutdown blocker for GMPProvider
1460655228441	addons.manager	DEBUG	Calling shutdown blocker for PluginProvider
1460655228442	addons.manager	DEBUG	Calling shutdown blocker for PreviousExperimentProvider
1460655228446	addons.xpi	DEBUG	Notifying XPI shutdown observers
1460655228451	addons.manager	DEBUG	Async provider shutdown done

	at org.openqa.selenium.firefox.internal.NewProfileExtensionConnection.start(NewProfileExtensionConnection.java:118)
	... 29 more
... Removed 22 stack frames]]>
    </failure>
  </testcase> <!-- @BeforeTest beforeTest -->
  <testcase name="@AfterTest afterTest" time="0.0" classname="example.NewTest">
    <skipped/>
  </testcase> <!-- @AfterTest afterTest -->
  <testcase name="testEasy" time="0.001" classname="example.NewTest">
    <skipped/>
  </testcase> <!-- testEasy -->
</testsuite> <!-- Test -->
