<?xml version="1.0" encoding="UTF-8"?>
<testng-results skipped="0" failed="0" total="1" passed="1">
  <reporter-output>
  </reporter-output>
  <suite name="Default suite" duration-ms="36" started-at="2016-04-14T17:44:00Z" finished-at="2016-04-14T17:44:00Z">
    <groups>
    </groups>
    <test name="Default test" duration-ms="36" started-at="2016-04-14T17:44:00Z" finished-at="2016-04-14T17:44:00Z">
      <class name="example.NewTest">
        <test-method status="PASS" signature="testEasy()[pri:0, instance:example.NewTest@7c605a28]" name="testEasy" duration-ms="18" started-at="2016-04-14T23:14:00Z" finished-at="2016-04-14T23:14:00Z">
          <reporter-output>
          </reporter-output>
        </test-method> <!-- testEasy -->
      </class> <!-- example.NewTest -->
    </test> <!-- Default test -->
  </suite> <!-- Default suite -->
</testng-results>
